TRACE::2026-02-17.23:19:28::SCWBifWriter::Found the complete platform D:/FPGA_CNN_PROJECT/PHASE_4_VITIS/cnn_platform/export/cnn_platform/cnn_platform.xpfm
TRACE::2026-02-17.23:19:28::SCWBifWriter::hardware databse : cnn_bd_wrapper_2
TRACE::2026-02-17.23:19:28::SCWBifWriter::bitstream found in the design
TRACE::2026-02-17.23:19:28::SCWBifWriter::Found a baremetal domain, proc: ps7_cortexa9_0
TRACE::2026-02-17.23:19:28::SCWBifWriter::proc type : 
TRACE::2026-02-17.23:19:28::SCWBifWriter::proc[0] : ps7_cortexa9_0
TRACE::2026-02-17.23:19:28::SCWBifWriter::Device type is : zynq
TRACE::2026-02-17.23:19:28::SCWBifWriter::Writing BIF to file : D:/FPGA_CNN_PROJECT/PHASE_4_VITIS/cnn_app_system/Debug/system.bif
TRACE::2026-02-17.23:19:28::SCWBifWriter::Writing the Zynq Baremetal bif 
TRACE::2026-02-19.16:14:09::SCWBifWriter::Found the complete platform D:/FPGA_CNN_PROJECT/PHASE_4_VITIS/cnn_platform/export/cnn_platform/cnn_platform.xpfm
TRACE::2026-02-19.16:14:10::SCWBifWriter::hardware databse : cnn_bd_wrapper
TRACE::2026-02-19.16:14:10::SCWBifWriter::bitstream found in the design
TRACE::2026-02-19.16:14:10::SCWBifWriter::Found a baremetal domain, proc: ps7_cortexa9_0
TRACE::2026-02-19.16:14:10::SCWBifWriter::proc type : 
TRACE::2026-02-19.16:14:10::SCWBifWriter::proc[0] : ps7_cortexa9_0
TRACE::2026-02-19.16:14:10::SCWBifWriter::Device type is : zynq
TRACE::2026-02-19.16:14:10::SCWBifWriter::Writing BIF to file : D:/FPGA_CNN_PROJECT/PHASE_4_VITIS/cnn_app_system/Debug/system.bif
TRACE::2026-02-19.16:14:10::SCWBifWriter::Writing the Zynq Baremetal bif 
TRACE::2026-02-19.16:22:40::SCWBifWriter::Found the complete platform D:/FPGA_CNN_PROJECT/PHASE_4_VITIS/cnn_platform/export/cnn_platform/cnn_platform.xpfm
TRACE::2026-02-19.16:22:40::SCWBifWriter::hardware databse : cnn_bd_wrapper
TRACE::2026-02-19.16:22:40::SCWBifWriter::bitstream found in the design
TRACE::2026-02-19.16:22:40::SCWBifWriter::Found a baremetal domain, proc: ps7_cortexa9_0
TRACE::2026-02-19.16:22:40::SCWBifWriter::proc type : 
TRACE::2026-02-19.16:22:40::SCWBifWriter::proc[0] : ps7_cortexa9_0
TRACE::2026-02-19.16:22:40::SCWBifWriter::Device type is : zynq
TRACE::2026-02-19.16:22:40::SCWBifWriter::Writing BIF to file : D:/FPGA_CNN_PROJECT/PHASE_4_VITIS/cnn_app_system/Debug/system.bif
TRACE::2026-02-19.16:22:40::SCWBifWriter::Writing the Zynq Baremetal bif 
TRACE::2026-02-19.16:24:56::SCWBifWriter::Found the complete platform D:/FPGA_CNN_PROJECT/PHASE_4_VITIS/cnn_platform/export/cnn_platform/cnn_platform.xpfm
TRACE::2026-02-19.16:24:56::SCWBifWriter::hardware databse : cnn_bd_wrapper
TRACE::2026-02-19.16:24:56::SCWBifWriter::bitstream found in the design
TRACE::2026-02-19.16:24:56::SCWBifWriter::Found a baremetal domain, proc: ps7_cortexa9_0
TRACE::2026-02-19.16:24:56::SCWBifWriter::proc type : 
TRACE::2026-02-19.16:24:56::SCWBifWriter::proc[0] : ps7_cortexa9_0
TRACE::2026-02-19.16:24:56::SCWBifWriter::Device type is : zynq
TRACE::2026-02-19.16:24:56::SCWBifWriter::Writing BIF to file : D:/FPGA_CNN_PROJECT/PHASE_4_VITIS/cnn_app_system/Debug/system.bif
TRACE::2026-02-19.16:24:56::SCWBifWriter::Writing the Zynq Baremetal bif 
TRACE::2026-02-19.16:38:47::SCWBifWriter::Found the complete platform D:/FPGA_CNN_PROJECT/PHASE_4_VITIS/cnn_platform/export/cnn_platform/cnn_platform.xpfm
TRACE::2026-02-19.16:38:47::SCWBifWriter::hardware databse : cnn_bd_wrapper
TRACE::2026-02-19.16:38:47::SCWBifWriter::bitstream found in the design
TRACE::2026-02-19.16:38:47::SCWBifWriter::Found a baremetal domain, proc: ps7_cortexa9_0
TRACE::2026-02-19.16:38:47::SCWBifWriter::proc type : 
TRACE::2026-02-19.16:38:47::SCWBifWriter::proc[0] : ps7_cortexa9_0
TRACE::2026-02-19.16:38:47::SCWBifWriter::Device type is : zynq
TRACE::2026-02-19.16:38:47::SCWBifWriter::Writing BIF to file : D:/FPGA_CNN_PROJECT/PHASE_4_VITIS/cnn_app_system/Debug/system.bif
TRACE::2026-02-19.16:38:47::SCWBifWriter::Writing the Zynq Baremetal bif 
TRACE::2026-02-19.16:43:28::SCWBifWriter::Found the complete platform D:/FPGA_CNN_PROJECT/PHASE_4_VITIS/cnn_platform/export/cnn_platform/cnn_platform.xpfm
TRACE::2026-02-19.16:43:28::SCWBifWriter::hardware databse : cnn_bd_wrapper
TRACE::2026-02-19.16:43:28::SCWBifWriter::bitstream found in the design
TRACE::2026-02-19.16:43:28::SCWBifWriter::Found a baremetal domain, proc: ps7_cortexa9_0
TRACE::2026-02-19.16:43:28::SCWBifWriter::proc type : 
TRACE::2026-02-19.16:43:28::SCWBifWriter::proc[0] : ps7_cortexa9_0
TRACE::2026-02-19.16:43:28::SCWBifWriter::Device type is : zynq
TRACE::2026-02-19.16:43:28::SCWBifWriter::Writing BIF to file : D:/FPGA_CNN_PROJECT/PHASE_4_VITIS/cnn_app_system/Debug/system.bif
TRACE::2026-02-19.16:43:28::SCWBifWriter::Writing the Zynq Baremetal bif 
TRACE::2026-02-19.16:45:12::SCWBifWriter::Found the complete platform D:/FPGA_CNN_PROJECT/PHASE_4_VITIS/cnn_platform/export/cnn_platform/cnn_platform.xpfm
TRACE::2026-02-19.16:45:13::SCWBifWriter::hardware databse : cnn_bd_wrapper
TRACE::2026-02-19.16:45:13::SCWBifWriter::bitstream found in the design
TRACE::2026-02-19.16:45:13::SCWBifWriter::Found a baremetal domain, proc: ps7_cortexa9_0
TRACE::2026-02-19.16:45:13::SCWBifWriter::proc type : 
TRACE::2026-02-19.16:45:13::SCWBifWriter::proc[0] : ps7_cortexa9_0
TRACE::2026-02-19.16:45:13::SCWBifWriter::Device type is : zynq
TRACE::2026-02-19.16:45:13::SCWBifWriter::Writing BIF to file : D:/FPGA_CNN_PROJECT/PHASE_4_VITIS/cnn_app_system/Debug/system.bif
TRACE::2026-02-19.16:45:13::SCWBifWriter::Writing the Zynq Baremetal bif 
